2021-06-17 20:37:00.107323: I tensorflow/stream_executor/platform/default/dso_loader.cc:49] Successfully opened dynamic library libcudart.so.10.1
WARNING:tensorflow:From /itet-stor/skaeser/net_scratch/conda_envs/tencu10/lib/python3.9/site-packages/tensorflow/python/compat/v2_compat.py:96: disable_resource_variables (from tensorflow.python.ops.variable_scope) is deprecated and will be removed in a future version.
Instructions for updating:
non-resource variables are not supported in the long term
The following parameters will be applied for training:
Model architecture: punet
Restore Iteration: 0
Batch size: 32
Training size: 5000
Learning rate: 1e-05
Training iterations: 100000
Evaluation step: 1000
Path to the dataset: ../raw_images_night/crops_night/
Path to Raw-to-RGB model network: learning_R_5e-05_RI_0/
Path to result images: results/
Path to VGG-19 network: vgg_pretrained/imagenet-vgg-verydeep-19.mat
Path to RGB data from DSLR: fujifilm/
Path to Raw data from phone: mediatek_raw
num_input_images: 3
2021-06-17 20:37:08.325831: I tensorflow/compiler/jit/xla_cpu_device.cc:41] Not creating XLA devices, tf_xla_enable_xla_devices not set
2021-06-17 20:37:08.328761: I tensorflow/stream_executor/platform/default/dso_loader.cc:49] Successfully opened dynamic library libcuda.so.1
2021-06-17 20:37:08.395020: I tensorflow/core/common_runtime/gpu/gpu_device.cc:1720] Found device 0 with properties: 
pciBusID: 0000:04:00.0 name: TITAN Xp computeCapability: 6.1
coreClock: 1.582GHz coreCount: 30 deviceMemorySize: 11.91GiB deviceMemoryBandwidth: 510.07GiB/s
2021-06-17 20:37:08.396088: I tensorflow/stream_executor/platform/default/dso_loader.cc:49] Successfully opened dynamic library libcudart.so.10.1
2021-06-17 20:37:08.402032: I tensorflow/stream_executor/platform/default/dso_loader.cc:49] Successfully opened dynamic library libcublas.so.10
2021-06-17 20:37:08.402980: I tensorflow/stream_executor/platform/default/dso_loader.cc:49] Successfully opened dynamic library libcublasLt.so.10
2021-06-17 20:37:08.407074: I tensorflow/stream_executor/platform/default/dso_loader.cc:49] Successfully opened dynamic library libcufft.so.10
2021-06-17 20:37:08.409812: I tensorflow/stream_executor/platform/default/dso_loader.cc:49] Successfully opened dynamic library libcurand.so.10
2021-06-17 20:37:08.414439: I tensorflow/stream_executor/platform/default/dso_loader.cc:49] Successfully opened dynamic library libcusolver.so.10
2021-06-17 20:37:08.418064: I tensorflow/stream_executor/platform/default/dso_loader.cc:49] Successfully opened dynamic library libcusparse.so.10
2021-06-17 20:37:08.425621: I tensorflow/stream_executor/platform/default/dso_loader.cc:49] Successfully opened dynamic library libcudnn.so.7
2021-06-17 20:37:08.432685: I tensorflow/core/common_runtime/gpu/gpu_device.cc:1862] Adding visible gpu devices: 0
2021-06-17 20:37:08.433927: I tensorflow/core/platform/cpu_feature_guard.cc:142] This TensorFlow binary is optimized with oneAPI Deep Neural Network Library (oneDNN) to use the following CPU instructions in performance-critical operations:  SSE4.1 SSE4.2 AVX AVX2 FMA
To enable them in other operations, rebuild TensorFlow with the appropriate compiler flags.
2021-06-17 20:37:08.438638: I tensorflow/core/common_runtime/gpu/gpu_device.cc:1720] Found device 0 with properties: 
pciBusID: 0000:04:00.0 name: TITAN Xp computeCapability: 6.1
coreClock: 1.582GHz coreCount: 30 deviceMemorySize: 11.91GiB deviceMemoryBandwidth: 510.07GiB/s
2021-06-17 20:37:08.439598: I tensorflow/stream_executor/platform/default/dso_loader.cc:49] Successfully opened dynamic library libcudart.so.10.1
2021-06-17 20:37:08.440588: I tensorflow/stream_executor/platform/default/dso_loader.cc:49] Successfully opened dynamic library libcublas.so.10
2021-06-17 20:37:08.441570: I tensorflow/stream_executor/platform/default/dso_loader.cc:49] Successfully opened dynamic library libcublasLt.so.10
2021-06-17 20:37:08.442749: I tensorflow/stream_executor/platform/default/dso_loader.cc:49] Successfully opened dynamic library libcufft.so.10
2021-06-17 20:37:08.443801: I tensorflow/stream_executor/platform/default/dso_loader.cc:49] Successfully opened dynamic library libcurand.so.10
2021-06-17 20:37:08.445289: I tensorflow/stream_executor/platform/default/dso_loader.cc:49] Successfully opened dynamic library libcusolver.so.10
2021-06-17 20:37:08.446420: I tensorflow/stream_executor/platform/default/dso_loader.cc:49] Successfully opened dynamic library libcusparse.so.10
2021-06-17 20:37:08.447487: I tensorflow/stream_executor/platform/default/dso_loader.cc:49] Successfully opened dynamic library libcudnn.so.7
2021-06-17 20:37:08.457747: I tensorflow/core/common_runtime/gpu/gpu_device.cc:1862] Adding visible gpu devices: 0
2021-06-17 20:37:08.458678: I tensorflow/stream_executor/platform/default/dso_loader.cc:49] Successfully opened dynamic library libcudart.so.10.1
2021-06-17 20:37:09.469507: I tensorflow/core/common_runtime/gpu/gpu_device.cc:1261] Device interconnect StreamExecutor with strength 1 edge matrix:
2021-06-17 20:37:09.470561: I tensorflow/core/common_runtime/gpu/gpu_device.cc:1267]      0 
2021-06-17 20:37:09.471505: I tensorflow/core/common_runtime/gpu/gpu_device.cc:1280] 0:   N 
2021-06-17 20:37:09.477557: I tensorflow/core/common_runtime/gpu/gpu_device.cc:1406] Created TensorFlow device (/job:localhost/replica:0/task:0/device:GPU:0 with 11209 MB memory) -> physical GPU (device: 0, name: TITAN Xp, pci bus id: 0000:04:00.0, compute capability: 6.1)
2021-06-17 20:37:09.479264: I tensorflow/compiler/jit/xla_gpu_device.cc:99] Not creating XLA devices, tf_xla_enable_xla_devices not set
Initializing variables...
2021-06-17 20:39:12.092203: I tensorflow/compiler/mlir/mlir_graph_optimization_pass.cc:196] None of the MLIR optimization passes are enabled (registered 0 passes)
2021-06-17 20:39:12.183899: I tensorflow/core/platform/profile_utils/cpu_utils.cc:112] CPU Frequency: 2199990000 Hz
Loading validation data...
Data_set: ../raw_images_night/crops_night/ 

DSLR: fujifilm/ 

phone_dir: mediatek_raw 

Validation data was loaded. (1915)

Loading training data...
Training data was loaded

Training network...
0
100000
2021-06-17 21:03:06.177560: I tensorflow/stream_executor/platform/default/dso_loader.cc:49] Successfully opened dynamic library libcudnn.so.7
2021-06-17 21:03:07.557207: I tensorflow/stream_executor/platform/default/dso_loader.cc:49] Successfully opened dynamic library libcublas.so.10
step 0 | training: 0.02413, validation: 24.79 | content: 11.5, mse: 0.09778, psnr: 10.17, ms-ssim: 0.3935

saving model: models/punet/learning_R_1e-05_RI_0_NI_3/punet_iteration_0.ckpt
step 1000 | training: 22.62, validation: 20.38 | content: 12.04, mse: 0.02329, psnr: 16.51, ms-ssim: 0.638

saving model: models/punet/learning_R_1e-05_RI_0_NI_3/punet_iteration_1000.ckpt
step 2000 | training: 20.39, validation: 19.82 | content: 11.91, mse: 0.02028, psnr: 17.14, ms-ssim: 0.6824

saving model: models/punet/learning_R_1e-05_RI_0_NI_3/punet_iteration_2000.ckpt
step 3000 | training: 19.54, validation: 19.04 | content: 11.71, mse: 0.01833, psnr: 17.63, ms-ssim: 0.7368

saving model: models/punet/learning_R_1e-05_RI_0_NI_3/punet_iteration_3000.ckpt
step 4000 | training: 19.15, validation: 18.72 | content: 11.56, mse: 0.01743, psnr: 17.85, ms-ssim: 0.7581

saving model: models/punet/learning_R_1e-05_RI_0_NI_3/punet_iteration_4000.ckpt
step 5000 | training: 18.64, validation: 18.35 | content: 11.48, mse: 0.0163, psnr: 18.15, ms-ssim: 0.7791

saving model: models/punet/learning_R_1e-05_RI_0_NI_3/punet_iteration_5000.ckpt
step 6000 | training: 18.21, validation: 17.96 | content: 11.31, mse: 0.0143, psnr: 18.68, ms-ssim: 0.8045

saving model: models/punet/learning_R_1e-05_RI_0_NI_3/punet_iteration_6000.ckpt
step 7000 | training: 17.77, validation: 17.58 | content: 11.23, mse: 0.01251, psnr: 19.25, ms-ssim: 0.8274

saving model: models/punet/learning_R_1e-05_RI_0_NI_3/punet_iteration_7000.ckpt
step 8000 | training: 17.42, validation: 17.28 | content: 11.18, mse: 0.01173, psnr: 19.54, ms-ssim: 0.8413

saving model: models/punet/learning_R_1e-05_RI_0_NI_3/punet_iteration_8000.ckpt
step 9000 | training: 17.56, validation: 17.12 | content: 11.12, mse: 0.01149, psnr: 19.63, ms-ssim: 0.8464

saving model: models/punet/learning_R_1e-05_RI_0_NI_3/punet_iteration_9000.ckpt
step 10000 | training: 17.29, validation: 17.01 | content: 11.1, mse: 0.01131, psnr: 19.71, ms-ssim: 0.8497

saving model: models/punet/learning_R_1e-05_RI_0_NI_3/punet_iteration_10000.ckpt
step 11000 | training: 16.92, validation: 16.94 | content: 11.05, mse: 0.01121, psnr: 19.75, ms-ssim: 0.8517

saving model: models/punet/learning_R_1e-05_RI_0_NI_3/punet_iteration_11000.ckpt
step 12000 | training: 17, validation: 16.83 | content: 11.06, mse: 0.01104, psnr: 19.82, ms-ssim: 0.8538

saving model: models/punet/learning_R_1e-05_RI_0_NI_3/punet_iteration_12000.ckpt
step 13000 | training: 17.07, validation: 16.76 | content: 11, mse: 0.01099, psnr: 19.84, ms-ssim: 0.855

saving model: models/punet/learning_R_1e-05_RI_0_NI_3/punet_iteration_13000.ckpt
step 14000 | training: 16.79, validation: 16.68 | content: 10.97, mse: 0.01087, psnr: 19.89, ms-ssim: 0.8563

saving model: models/punet/learning_R_1e-05_RI_0_NI_3/punet_iteration_14000.ckpt
step 15000 | training: 16.9, validation: 16.61 | content: 10.94, mse: 0.01079, psnr: 19.93, ms-ssim: 0.8576

saving model: models/punet/learning_R_1e-05_RI_0_NI_3/punet_iteration_15000.ckpt
step 16000 | training: 17.02, validation: 16.59 | content: 10.86, mse: 0.01083, psnr: 19.91, ms-ssim: 0.8584

saving model: models/punet/learning_R_1e-05_RI_0_NI_3/punet_iteration_16000.ckpt
step 17000 | training: 16.65, validation: 16.51 | content: 10.85, mse: 0.01067, psnr: 19.98, ms-ssim: 0.8593

saving model: models/punet/learning_R_1e-05_RI_0_NI_3/punet_iteration_17000.ckpt
step 18000 | training: 16.69, validation: 16.43 | content: 10.84, mse: 0.01053, psnr: 20.04, ms-ssim: 0.8606

saving model: models/punet/learning_R_1e-05_RI_0_NI_3/punet_iteration_18000.ckpt
step 19000 | training: 16.61, validation: 16.35 | content: 10.82, mse: 0.01049, psnr: 20.06, ms-ssim: 0.8615

saving model: models/punet/learning_R_1e-05_RI_0_NI_3/punet_iteration_19000.ckpt
step 20000 | training: 16.54, validation: 16.31 | content: 10.75, mse: 0.01052, psnr: 20.05, ms-ssim: 0.8619

saving model: models/punet/learning_R_1e-05_RI_0_NI_3/punet_iteration_20000.ckpt
step 21000 | training: 16.39, validation: 16.22 | content: 10.74, mse: 0.01041, psnr: 20.1, ms-ssim: 0.8632

saving model: models/punet/learning_R_1e-05_RI_0_NI_3/punet_iteration_21000.ckpt
step 22000 | training: 16.27, validation: 16.15 | content: 10.69, mse: 0.01033, psnr: 20.14, ms-ssim: 0.8642

saving model: models/punet/learning_R_1e-05_RI_0_NI_3/punet_iteration_22000.ckpt
step 23000 | training: 16.36, validation: 16.09 | content: 10.65, mse: 0.01029, psnr: 20.16, ms-ssim: 0.8653

saving model: models/punet/learning_R_1e-05_RI_0_NI_3/punet_iteration_23000.ckpt
step 24000 | training: 16.37, validation: 15.97 | content: 10.63, mse: 0.01015, psnr: 20.23, ms-ssim: 0.8672

saving model: models/punet/learning_R_1e-05_RI_0_NI_3/punet_iteration_24000.ckpt
step 25000 | training: 16.27, validation: 15.88 | content: 10.57, mse: 0.01013, psnr: 20.24, ms-ssim: 0.867

saving model: models/punet/learning_R_1e-05_RI_0_NI_3/punet_iteration_25000.ckpt
step 26000 | training: 16.02, validation: 15.79 | content: 10.51, mse: 0.01007, psnr: 20.27, ms-ssim: 0.8682

saving model: models/punet/learning_R_1e-05_RI_0_NI_3/punet_iteration_26000.ckpt
step 27000 | training: 15.97, validation: 15.69 | content: 10.42, mse: 0.01006, psnr: 20.28, ms-ssim: 0.8692

saving model: models/punet/learning_R_1e-05_RI_0_NI_3/punet_iteration_27000.ckpt
step 28000 | training: 16, validation: 15.56 | content: 10.39, mse: 0.00997, psnr: 20.32, ms-ssim: 0.8705

saving model: models/punet/learning_R_1e-05_RI_0_NI_3/punet_iteration_28000.ckpt
step 29000 | training: 15.67, validation: 15.46 | content: 10.33, mse: 0.009881, psnr: 20.37, ms-ssim: 0.8718

saving model: models/punet/learning_R_1e-05_RI_0_NI_3/punet_iteration_29000.ckpt
step 30000 | training: 15.64, validation: 15.37 | content: 10.24, mse: 0.009891, psnr: 20.36, ms-ssim: 0.8722

saving model: models/punet/learning_R_1e-05_RI_0_NI_3/punet_iteration_30000.ckpt
step 31000 | training: 15.64, validation: 15.32 | content: 10.15, mse: 0.009877, psnr: 20.37, ms-ssim: 0.873

saving model: models/punet/learning_R_1e-05_RI_0_NI_3/punet_iteration_31000.ckpt
step 32000 | training: 15.58, validation: 15.2 | content: 10.1, mse: 0.009814, psnr: 20.4, ms-ssim: 0.8732

saving model: models/punet/learning_R_1e-05_RI_0_NI_3/punet_iteration_32000.ckpt
step 33000 | training: 15.46, validation: 15.07 | content: 10.05, mse: 0.00976, psnr: 20.43, ms-ssim: 0.8738

saving model: models/punet/learning_R_1e-05_RI_0_NI_3/punet_iteration_33000.ckpt
step 34000 | training: 15.42, validation: 15 | content: 9.957, mse: 0.009738, psnr: 20.44, ms-ssim: 0.8739

saving model: models/punet/learning_R_1e-05_RI_0_NI_3/punet_iteration_34000.ckpt
step 35000 | training: 15.43, validation: 14.9 | content: 9.869, mse: 0.009726, psnr: 20.45, ms-ssim: 0.874

saving model: models/punet/learning_R_1e-05_RI_0_NI_3/punet_iteration_35000.ckpt
step 36000 | training: 15.17, validation: 14.82 | content: 9.805, mse: 0.009732, psnr: 20.45, ms-ssim: 0.874

saving model: models/punet/learning_R_1e-05_RI_0_NI_3/punet_iteration_36000.ckpt
step 37000 | training: 15.12, validation: 14.74 | content: 9.722, mse: 0.009711, psnr: 20.46, ms-ssim: 0.8742

saving model: models/punet/learning_R_1e-05_RI_0_NI_3/punet_iteration_37000.ckpt
step 38000 | training: 14.94, validation: 14.64 | content: 9.654, mse: 0.009735, psnr: 20.46, ms-ssim: 0.8745

saving model: models/punet/learning_R_1e-05_RI_0_NI_3/punet_iteration_38000.ckpt
step 39000 | training: 15.08, validation: 14.55 | content: 9.593, mse: 0.009677, psnr: 20.49, ms-ssim: 0.8754

saving model: models/punet/learning_R_1e-05_RI_0_NI_3/punet_iteration_39000.ckpt
step 40000 | training: 15.07, validation: 14.5 | content: 9.562, mse: 0.009595, psnr: 20.53, ms-ssim: 0.8766

saving model: models/punet/learning_R_1e-05_RI_0_NI_3/punet_iteration_40000.ckpt
step 41000 | training: 14.81, validation: 14.46 | content: 9.509, mse: 0.009557, psnr: 20.54, ms-ssim: 0.877

saving model: models/punet/learning_R_1e-05_RI_0_NI_3/punet_iteration_41000.ckpt
step 42000 | training: 14.79, validation: 14.35 | content: 9.475, mse: 0.009694, psnr: 20.51, ms-ssim: 0.8768

saving model: models/punet/learning_R_1e-05_RI_0_NI_3/punet_iteration_42000.ckpt
step 43000 | training: 14.67, validation: 14.28 | content: 9.457, mse: 0.009767, psnr: 20.5, ms-ssim: 0.8781

saving model: models/punet/learning_R_1e-05_RI_0_NI_3/punet_iteration_43000.ckpt
step 44000 | training: 14.54, validation: 14.25 | content: 9.389, mse: 0.00954, psnr: 20.57, ms-ssim: 0.8778

saving model: models/punet/learning_R_1e-05_RI_0_NI_3/punet_iteration_44000.ckpt
step 45000 | training: 14.53, validation: 14.23 | content: 9.361, mse: 0.00952, psnr: 20.58, ms-ssim: 0.878

saving model: models/punet/learning_R_1e-05_RI_0_NI_3/punet_iteration_45000.ckpt
step 46000 | training: 14.58, validation: 14.18 | content: 9.332, mse: 0.009533, psnr: 20.58, ms-ssim: 0.8781

saving model: models/punet/learning_R_1e-05_RI_0_NI_3/punet_iteration_46000.ckpt
step 47000 | training: 14.46, validation: 14.12 | content: 9.324, mse: 0.009574, psnr: 20.57, ms-ssim: 0.8782

saving model: models/punet/learning_R_1e-05_RI_0_NI_3/punet_iteration_47000.ckpt
step 48000 | training: 14.45, validation: 14.09 | content: 9.31, mse: 0.009534, psnr: 20.59, ms-ssim: 0.8787

saving model: models/punet/learning_R_1e-05_RI_0_NI_3/punet_iteration_48000.ckpt
step 49000 | training: 14.47, validation: 14.07 | content: 9.286, mse: 0.009714, psnr: 20.53, ms-ssim: 0.8779

saving model: models/punet/learning_R_1e-05_RI_0_NI_3/punet_iteration_49000.ckpt
step 50000 | training: 14.4, validation: 14.06 | content: 9.264, mse: 0.009466, psnr: 20.61, ms-ssim: 0.8783

saving model: models/punet/learning_R_1e-05_RI_0_NI_3/punet_iteration_50000.ckpt
step 51000 | training: 14.38, validation: 14.05 | content: 9.271, mse: 0.009962, psnr: 20.45, ms-ssim: 0.8772

saving model: models/punet/learning_R_1e-05_RI_0_NI_3/punet_iteration_51000.ckpt
step 52000 | training: 14.47, validation: 14.02 | content: 9.23, mse: 0.009581, psnr: 20.57, ms-ssim: 0.8778

saving model: models/punet/learning_R_1e-05_RI_0_NI_3/punet_iteration_52000.ckpt
step 53000 | training: 14.31, validation: 14.06 | content: 9.215, mse: 0.009475, psnr: 20.6, ms-ssim: 0.8778

saving model: models/punet/learning_R_1e-05_RI_0_NI_3/punet_iteration_53000.ckpt
step 54000 | training: 14.26, validation: 13.98 | content: 9.212, mse: 0.009559, psnr: 20.59, ms-ssim: 0.8781

saving model: models/punet/learning_R_1e-05_RI_0_NI_3/punet_iteration_54000.ckpt
step 55000 | training: 14.37, validation: 13.96 | content: 9.199, mse: 0.009465, psnr: 20.62, ms-ssim: 0.8786

saving model: models/punet/learning_R_1e-05_RI_0_NI_3/punet_iteration_55000.ckpt
step 56000 | training: 14.31, validation: 13.93 | content: 9.201, mse: 0.009486, psnr: 20.62, ms-ssim: 0.8788

saving model: models/punet/learning_R_1e-05_RI_0_NI_3/punet_iteration_56000.ckpt
step 57000 | training: 14.23, validation: 13.93 | content: 9.185, mse: 0.00941, psnr: 20.65, ms-ssim: 0.8791

saving model: models/punet/learning_R_1e-05_RI_0_NI_3/punet_iteration_57000.ckpt
step 58000 | training: 14.34, validation: 13.94 | content: 9.175, mse: 0.009381, psnr: 20.65, ms-ssim: 0.8787

saving model: models/punet/learning_R_1e-05_RI_0_NI_3/punet_iteration_58000.ckpt
step 59000 | training: 14.22, validation: 13.89 | content: 9.195, mse: 0.009547, psnr: 20.62, ms-ssim: 0.8794

saving model: models/punet/learning_R_1e-05_RI_0_NI_3/punet_iteration_59000.ckpt
step 60000 | training: 14.3, validation: 13.95 | content: 9.145, mse: 0.009359, psnr: 20.66, ms-ssim: 0.8783

saving model: models/punet/learning_R_1e-05_RI_0_NI_3/punet_iteration_60000.ckpt
step 61000 | training: 14.12, validation: 13.88 | content: 9.157, mse: 0.009355, psnr: 20.68, ms-ssim: 0.8788

saving model: models/punet/learning_R_1e-05_RI_0_NI_3/punet_iteration_61000.ckpt
step 62000 | training: 14.2, validation: 13.9 | content: 9.147, mse: 0.009271, psnr: 20.71, ms-ssim: 0.8792

saving model: models/punet/learning_R_1e-05_RI_0_NI_3/punet_iteration_62000.ckpt
step 63000 | training: 14.1, validation: 13.84 | content: 9.148, mse: 0.009418, psnr: 20.66, ms-ssim: 0.879

saving model: models/punet/learning_R_1e-05_RI_0_NI_3/punet_iteration_63000.ckpt
step 64000 | training: 14.08, validation: 13.87 | content: 9.127, mse: 0.009368, psnr: 20.67, ms-ssim: 0.8787

saving model: models/punet/learning_R_1e-05_RI_0_NI_3/punet_iteration_64000.ckpt
step 65000 | training: 14.27, validation: 13.82 | content: 9.142, mse: 0.009359, psnr: 20.69, ms-ssim: 0.8791

saving model: models/punet/learning_R_1e-05_RI_0_NI_3/punet_iteration_65000.ckpt
step 66000 | training: 14.08, validation: 13.83 | content: 9.121, mse: 0.009311, psnr: 20.71, ms-ssim: 0.8792

saving model: models/punet/learning_R_1e-05_RI_0_NI_3/punet_iteration_66000.ckpt
step 67000 | training: 14.14, validation: 13.79 | content: 9.129, mse: 0.009378, psnr: 20.69, ms-ssim: 0.8792

saving model: models/punet/learning_R_1e-05_RI_0_NI_3/punet_iteration_67000.ckpt
step 68000 | training: 14.1, validation: 13.79 | content: 9.12, mse: 0.009183, psnr: 20.76, ms-ssim: 0.8792

saving model: models/punet/learning_R_1e-05_RI_0_NI_3/punet_iteration_68000.ckpt
step 69000 | training: 13.92, validation: 13.79 | content: 9.094, mse: 0.009162, psnr: 20.76, ms-ssim: 0.8792

saving model: models/punet/learning_R_1e-05_RI_0_NI_3/punet_iteration_69000.ckpt
step 70000 | training: 13.98, validation: 13.77 | content: 9.111, mse: 0.009247, psnr: 20.75, ms-ssim: 0.8797

saving model: models/punet/learning_R_1e-05_RI_0_NI_3/punet_iteration_70000.ckpt
step 71000 | training: 14.17, validation: 13.71 | content: 9.112, mse: 0.009064, psnr: 20.83, ms-ssim: 0.8802

saving model: models/punet/learning_R_1e-05_RI_0_NI_3/punet_iteration_71000.ckpt
step 72000 | training: 14.09, validation: 13.7 | content: 9.111, mse: 0.009173, psnr: 20.8, ms-ssim: 0.8807

saving model: models/punet/learning_R_1e-05_RI_0_NI_3/punet_iteration_72000.ckpt
step 73000 | training: 14.08, validation: 13.81 | content: 9.055, mse: 0.009003, psnr: 20.81, ms-ssim: 0.8792

saving model: models/punet/learning_R_1e-05_RI_0_NI_3/punet_iteration_73000.ckpt
step 74000 | training: 14.04, validation: 13.66 | content: 9.08, mse: 0.009083, psnr: 20.82, ms-ssim: 0.8806

saving model: models/punet/learning_R_1e-05_RI_0_NI_3/punet_iteration_74000.ckpt
step 75000 | training: 13.95, validation: 13.67 | content: 9.065, mse: 0.009059, psnr: 20.83, ms-ssim: 0.8804

saving model: models/punet/learning_R_1e-05_RI_0_NI_3/punet_iteration_75000.ckpt
step 76000 | training: 14.07, validation: 13.67 | content: 9.057, mse: 0.008944, psnr: 20.86, ms-ssim: 0.8801

saving model: models/punet/learning_R_1e-05_RI_0_NI_3/punet_iteration_76000.ckpt
step 77000 | training: 13.91, validation: 13.62 | content: 9.07, mse: 0.008971, psnr: 20.88, ms-ssim: 0.8816

saving model: models/punet/learning_R_1e-05_RI_0_NI_3/punet_iteration_77000.ckpt
step 78000 | training: 13.93, validation: 13.61 | content: 9.061, mse: 0.009216, psnr: 20.79, ms-ssim: 0.8809

saving model: models/punet/learning_R_1e-05_RI_0_NI_3/punet_iteration_78000.ckpt
step 79000 | training: 13.92, validation: 13.6 | content: 9.051, mse: 0.009246, psnr: 20.79, ms-ssim: 0.8803

saving model: models/punet/learning_R_1e-05_RI_0_NI_3/punet_iteration_79000.ckpt
step 80000 | training: 14.04, validation: 13.6 | content: 9.055, mse: 0.008885, psnr: 20.92, ms-ssim: 0.882

saving model: models/punet/learning_R_1e-05_RI_0_NI_3/punet_iteration_80000.ckpt
step 81000 | training: 14.12, validation: 13.61 | content: 9.02, mse: 0.00894, psnr: 20.89, ms-ssim: 0.8814

saving model: models/punet/learning_R_1e-05_RI_0_NI_3/punet_iteration_81000.ckpt
step 82000 | training: 13.82, validation: 13.56 | content: 9.04, mse: 0.008962, psnr: 20.9, ms-ssim: 0.8819

saving model: models/punet/learning_R_1e-05_RI_0_NI_3/punet_iteration_82000.ckpt
step 83000 | training: 13.9, validation: 13.59 | content: 9.007, mse: 0.008894, psnr: 20.89, ms-ssim: 0.8817

saving model: models/punet/learning_R_1e-05_RI_0_NI_3/punet_iteration_83000.ckpt
step 84000 | training: 13.9, validation: 13.56 | content: 9.014, mse: 0.0088, psnr: 20.95, ms-ssim: 0.8823

saving model: models/punet/learning_R_1e-05_RI_0_NI_3/punet_iteration_84000.ckpt
step 85000 | training: 13.93, validation: 13.54 | content: 9.032, mse: 0.00892, psnr: 20.92, ms-ssim: 0.8824

saving model: models/punet/learning_R_1e-05_RI_0_NI_3/punet_iteration_85000.ckpt
step 86000 | training: 13.93, validation: 13.52 | content: 9.009, mse: 0.00877, psnr: 20.97, ms-ssim: 0.8828

saving model: models/punet/learning_R_1e-05_RI_0_NI_3/punet_iteration_86000.ckpt
step 87000 | training: 13.64, validation: 13.55 | content: 8.988, mse: 0.008788, psnr: 20.94, ms-ssim: 0.8822

saving model: models/punet/learning_R_1e-05_RI_0_NI_3/punet_iteration_87000.ckpt
step 88000 | training: 13.95, validation: 13.52 | content: 8.981, mse: 0.008775, psnr: 20.95, ms-ssim: 0.8821

saving model: models/punet/learning_R_1e-05_RI_0_NI_3/punet_iteration_88000.ckpt
step 89000 | training: 13.9, validation: 13.49 | content: 8.981, mse: 0.008712, psnr: 20.99, ms-ssim: 0.8836

saving model: models/punet/learning_R_1e-05_RI_0_NI_3/punet_iteration_89000.ckpt
step 90000 | training: 13.68, validation: 13.49 | content: 8.97, mse: 0.008731, psnr: 20.97, ms-ssim: 0.8832

saving model: models/punet/learning_R_1e-05_RI_0_NI_3/punet_iteration_90000.ckpt
step 91000 | training: 13.77, validation: 13.5 | content: 8.946, mse: 0.008675, psnr: 21, ms-ssim: 0.8831

saving model: models/punet/learning_R_1e-05_RI_0_NI_3/punet_iteration_91000.ckpt
step 92000 | training: 13.66, validation: 13.44 | content: 8.957, mse: 0.008695, psnr: 20.99, ms-ssim: 0.883

saving model: models/punet/learning_R_1e-05_RI_0_NI_3/punet_iteration_92000.ckpt
step 93000 | training: 13.66, validation: 13.44 | content: 8.964, mse: 0.009055, psnr: 20.88, ms-ssim: 0.8827

saving model: models/punet/learning_R_1e-05_RI_0_NI_3/punet_iteration_93000.ckpt
step 94000 | training: 13.92, validation: 13.41 | content: 8.932, mse: 0.008718, psnr: 20.99, ms-ssim: 0.8837

saving model: models/punet/learning_R_1e-05_RI_0_NI_3/punet_iteration_94000.ckpt
step 95000 | training: 13.79, validation: 13.45 | content: 8.91, mse: 0.008634, psnr: 21, ms-ssim: 0.8836

saving model: models/punet/learning_R_1e-05_RI_0_NI_3/punet_iteration_95000.ckpt
step 96000 | training: 13.48, validation: 13.43 | content: 8.907, mse: 0.008564, psnr: 21.05, ms-ssim: 0.8848

saving model: models/punet/learning_R_1e-05_RI_0_NI_3/punet_iteration_96000.ckpt
step 97000 | training: 13.68, validation: 13.38 | content: 8.9, mse: 0.008564, psnr: 21.05, ms-ssim: 0.8853

saving model: models/punet/learning_R_1e-05_RI_0_NI_3/punet_iteration_97000.ckpt
step 98000 | training: 13.48, validation: 13.33 | content: 8.894, mse: 0.008716, psnr: 21.02, ms-ssim: 0.885

saving model: models/punet/learning_R_1e-05_RI_0_NI_3/punet_iteration_98000.ckpt
step 99000 | training: 13.59, validation: 13.34 | content: 8.901, mse: 0.008614, psnr: 21.06, ms-ssim: 0.8861

saving model: models/punet/learning_R_1e-05_RI_0_NI_3/punet_iteration_99000.ckpt
step 100000 | training: 13.48, validation: 13.3 | content: 8.875, mse: 0.00858, psnr: 21.05, ms-ssim: 0.8857

saving model: models/punet/learning_R_1e-05_RI_0_NI_3/punet_iteration_100000.ckpt
WARNING:tensorflow:From /itet-stor/skaeser/net_scratch/conda_envs/tencu10/lib/python3.9/site-packages/tensorflow/python/training/saver.py:968: remove_checkpoint (from tensorflow.python.training.checkpoint_management) is deprecated and will be removed in a future version.
Instructions for updating:
Use standard file APIs to delete files with this prefix.
total train/eval time: 1 day, 17:18:45.609348
