Color Adversial Images
WARNING:tensorflow:From /itet-stor/ollehman/net_scratch/conda_envs/tencu10/lib/python3.7/site-packages/tensorflow_core/python/compat/v2_compat.py:68: disable_resource_variables (from tensorflow.python.ops.variable_scope) is deprecated and will be removed in a future version.
Instructions for updating:
non-resource variables are not supported in the long term

The following parameters will be applied for CNN training:

Batch size: 28
Train size: 2000
Learning rate: 5e-05
Training iterations: 50000
Restore iteration at: 35000

Loss: dped_night
Path to DPED dataset: ../../crops/
Path to VGG-19 network: vgg_pretrained/imagenet-vgg-verydeep-19.mat
Evaluation step: 1000
Run Id: dped_night_loss_50000_grey
Input Images: 3

2021-06-20 10:13:25.624620: I tensorflow/stream_executor/platform/default/dso_loader.cc:44] Successfully opened dynamic library libcuda.so.1
2021-06-20 10:13:25.686413: I tensorflow/core/common_runtime/gpu/gpu_device.cc:1618] Found device 0 with properties: 
name: TITAN Xp major: 6 minor: 1 memoryClockRate(GHz): 1.582
pciBusID: 0000:83:00.0
2021-06-20 10:13:25.688815: I tensorflow/stream_executor/platform/default/dso_loader.cc:44] Successfully opened dynamic library libcudart.so.10.0
2021-06-20 10:13:25.692344: I tensorflow/stream_executor/platform/default/dso_loader.cc:44] Successfully opened dynamic library libcublas.so.10.0
2021-06-20 10:13:25.696147: I tensorflow/stream_executor/platform/default/dso_loader.cc:44] Successfully opened dynamic library libcufft.so.10.0
2021-06-20 10:13:25.698796: I tensorflow/stream_executor/platform/default/dso_loader.cc:44] Successfully opened dynamic library libcurand.so.10.0
2021-06-20 10:13:25.703281: I tensorflow/stream_executor/platform/default/dso_loader.cc:44] Successfully opened dynamic library libcusolver.so.10.0
2021-06-20 10:13:25.707200: I tensorflow/stream_executor/platform/default/dso_loader.cc:44] Successfully opened dynamic library libcusparse.so.10.0
2021-06-20 10:13:25.714685: I tensorflow/stream_executor/platform/default/dso_loader.cc:44] Successfully opened dynamic library libcudnn.so.7
2021-06-20 10:13:25.720672: I tensorflow/core/common_runtime/gpu/gpu_device.cc:1746] Adding visible gpu devices: 0
2021-06-20 10:13:25.722155: I tensorflow/core/platform/cpu_feature_guard.cc:142] Your CPU supports instructions that this TensorFlow binary was not compiled to use: SSE4.1 SSE4.2 AVX AVX2 FMA
2021-06-20 10:13:25.747635: I tensorflow/core/platform/profile_utils/cpu_utils.cc:94] CPU Frequency: 2599845000 Hz
2021-06-20 10:13:25.749088: I tensorflow/compiler/xla/service/service.cc:168] XLA service 0x55a8f216c010 initialized for platform Host (this does not guarantee that XLA will be used). Devices:
2021-06-20 10:13:25.750220: I tensorflow/compiler/xla/service/service.cc:176]   StreamExecutor device (0): Host, Default Version
2021-06-20 10:13:25.755473: I tensorflow/core/common_runtime/gpu/gpu_device.cc:1618] Found device 0 with properties: 
name: TITAN Xp major: 6 minor: 1 memoryClockRate(GHz): 1.582
pciBusID: 0000:83:00.0
2021-06-20 10:13:25.756764: I tensorflow/stream_executor/platform/default/dso_loader.cc:44] Successfully opened dynamic library libcudart.so.10.0
2021-06-20 10:13:25.757882: I tensorflow/stream_executor/platform/default/dso_loader.cc:44] Successfully opened dynamic library libcublas.so.10.0
2021-06-20 10:13:25.759057: I tensorflow/stream_executor/platform/default/dso_loader.cc:44] Successfully opened dynamic library libcufft.so.10.0
2021-06-20 10:13:25.760325: I tensorflow/stream_executor/platform/default/dso_loader.cc:44] Successfully opened dynamic library libcurand.so.10.0
2021-06-20 10:13:25.761407: I tensorflow/stream_executor/platform/default/dso_loader.cc:44] Successfully opened dynamic library libcusolver.so.10.0
2021-06-20 10:13:25.762665: I tensorflow/stream_executor/platform/default/dso_loader.cc:44] Successfully opened dynamic library libcusparse.so.10.0
2021-06-20 10:13:25.763781: I tensorflow/stream_executor/platform/default/dso_loader.cc:44] Successfully opened dynamic library libcudnn.so.7
2021-06-20 10:13:25.771482: I tensorflow/core/common_runtime/gpu/gpu_device.cc:1746] Adding visible gpu devices: 0
2021-06-20 10:13:25.772616: I tensorflow/stream_executor/platform/default/dso_loader.cc:44] Successfully opened dynamic library libcudart.so.10.0
2021-06-20 10:13:26.003298: I tensorflow/core/common_runtime/gpu/gpu_device.cc:1159] Device interconnect StreamExecutor with strength 1 edge matrix:
2021-06-20 10:13:26.004663: I tensorflow/core/common_runtime/gpu/gpu_device.cc:1165]      0 
2021-06-20 10:13:26.005903: I tensorflow/core/common_runtime/gpu/gpu_device.cc:1178] 0:   N 
2021-06-20 10:13:26.017849: I tensorflow/core/common_runtime/gpu/gpu_device.cc:1304] Created TensorFlow device (/job:localhost/replica:0/task:0/device:GPU:0 with 11437 MB memory) -> physical GPU (device: 0, name: TITAN Xp, pci bus id: 0000:83:00.0, compute capability: 6.1)
2021-06-20 10:13:26.023124: I tensorflow/compiler/xla/service/service.cc:168] XLA service 0x55a8f2eadfc0 initialized for platform CUDA (this does not guarantee that XLA will be used). Devices:
2021-06-20 10:13:26.024360: I tensorflow/compiler/xla/service/service.cc:176]   StreamExecutor device (0): TITAN Xp, Compute Capability 6.1
WARNING:tensorflow:From /srv/beegfs02/scratch/hdr_night/data/hdr_night/DPED_night/vgg.py:49: The name tf.nn.max_pool is deprecated. Please use tf.nn.max_pool2d instead.

WARNING:tensorflow:From /itet-stor/ollehman/net_scratch/conda_envs/tencu10/lib/python3.7/site-packages/tensorflow_core/python/ops/math_grad.py:1375: where (from tensorflow.python.ops.array_ops) is deprecated and will be removed in a future version.
Instructions for updating:
Use tf.where in 2.0, which has the same broadcast rule as np.where
Restoring Variables from: dped_night_loss_50000/iteration_35000
Initializing variables
Loading validation data...
slurmstepd: error: *** JOB 382258 ON bmicgpu02 CANCELLED AT 2021-06-20T10:18:07 ***
