WARNING:tensorflow:From /itet-stor/ollehman/net_scratch/conda_envs/tencu10/lib/python3.7/site-packages/tensorflow_core/python/compat/v2_compat.py:68: disable_resource_variables (from tensorflow.python.ops.variable_scope) is deprecated and will be removed in a future version.
Instructions for updating:
non-resource variables are not supported in the long term

The following parameters will be applied for CNN training:

Phone model: mediatek
Batch size: 32
Learning rate: 0.0005
Training iterations: 50000

Content loss: 10
Color loss: 0.5
Texture loss: 1
Total variation loss: 2000

Path to DPED dataset: ../raw_images/
Path to VGG-19 network: vgg_pretrained/imagenet-vgg-verydeep-19.mat
Evaluation step: 1000

2021-05-21 15:35:17.356685: I tensorflow/stream_executor/platform/default/dso_loader.cc:44] Successfully opened dynamic library libcuda.so.1
2021-05-21 15:35:17.471143: I tensorflow/core/common_runtime/gpu/gpu_device.cc:1618] Found device 0 with properties: 
name: GeForce GTX 1080 Ti major: 6 minor: 1 memoryClockRate(GHz): 1.582
pciBusID: 0000:09:00.0
2021-05-21 15:35:17.480626: I tensorflow/stream_executor/platform/default/dso_loader.cc:44] Successfully opened dynamic library libcudart.so.10.0
2021-05-21 15:35:17.688795: I tensorflow/stream_executor/platform/default/dso_loader.cc:44] Successfully opened dynamic library libcublas.so.10.0
2021-05-21 15:35:17.993055: I tensorflow/stream_executor/platform/default/dso_loader.cc:44] Successfully opened dynamic library libcufft.so.10.0
2021-05-21 15:35:18.667728: I tensorflow/stream_executor/platform/default/dso_loader.cc:44] Successfully opened dynamic library libcurand.so.10.0
2021-05-21 15:35:19.036318: I tensorflow/stream_executor/platform/default/dso_loader.cc:44] Successfully opened dynamic library libcusolver.so.10.0
2021-05-21 15:35:19.254186: I tensorflow/stream_executor/platform/default/dso_loader.cc:44] Successfully opened dynamic library libcusparse.so.10.0
2021-05-21 15:35:19.900269: I tensorflow/stream_executor/platform/default/dso_loader.cc:44] Successfully opened dynamic library libcudnn.so.7
2021-05-21 15:35:19.919623: I tensorflow/core/common_runtime/gpu/gpu_device.cc:1746] Adding visible gpu devices: 0
2021-05-21 15:35:19.921020: I tensorflow/core/platform/cpu_feature_guard.cc:142] Your CPU supports instructions that this TensorFlow binary was not compiled to use: SSE4.1 SSE4.2 AVX AVX2 FMA
2021-05-21 15:35:19.954680: I tensorflow/core/platform/profile_utils/cpu_utils.cc:94] CPU Frequency: 2099875000 Hz
2021-05-21 15:35:19.956354: I tensorflow/compiler/xla/service/service.cc:168] XLA service 0x55c306d097e0 initialized for platform Host (this does not guarantee that XLA will be used). Devices:
2021-05-21 15:35:19.957060: I tensorflow/compiler/xla/service/service.cc:176]   StreamExecutor device (0): Host, Default Version
2021-05-21 15:35:19.962130: I tensorflow/core/common_runtime/gpu/gpu_device.cc:1618] Found device 0 with properties: 
name: GeForce GTX 1080 Ti major: 6 minor: 1 memoryClockRate(GHz): 1.582
pciBusID: 0000:09:00.0
2021-05-21 15:35:19.964466: I tensorflow/stream_executor/platform/default/dso_loader.cc:44] Successfully opened dynamic library libcudart.so.10.0
2021-05-21 15:35:19.965175: I tensorflow/stream_executor/platform/default/dso_loader.cc:44] Successfully opened dynamic library libcublas.so.10.0
2021-05-21 15:35:19.967455: I tensorflow/stream_executor/platform/default/dso_loader.cc:44] Successfully opened dynamic library libcufft.so.10.0
2021-05-21 15:35:19.969550: I tensorflow/stream_executor/platform/default/dso_loader.cc:44] Successfully opened dynamic library libcurand.so.10.0
2021-05-21 15:35:19.970354: I tensorflow/stream_executor/platform/default/dso_loader.cc:44] Successfully opened dynamic library libcusolver.so.10.0
2021-05-21 15:35:19.970985: I tensorflow/stream_executor/platform/default/dso_loader.cc:44] Successfully opened dynamic library libcusparse.so.10.0
2021-05-21 15:35:19.971718: I tensorflow/stream_executor/platform/default/dso_loader.cc:44] Successfully opened dynamic library libcudnn.so.7
2021-05-21 15:35:19.980960: I tensorflow/core/common_runtime/gpu/gpu_device.cc:1746] Adding visible gpu devices: 0
2021-05-21 15:35:19.981855: I tensorflow/stream_executor/platform/default/dso_loader.cc:44] Successfully opened dynamic library libcudart.so.10.0
2021-05-21 15:35:20.196613: I tensorflow/core/common_runtime/gpu/gpu_device.cc:1159] Device interconnect StreamExecutor with strength 1 edge matrix:
2021-05-21 15:35:20.197362: I tensorflow/core/common_runtime/gpu/gpu_device.cc:1165]      0 
2021-05-21 15:35:20.198113: I tensorflow/core/common_runtime/gpu/gpu_device.cc:1178] 0:   N 
2021-05-21 15:35:20.209231: I tensorflow/core/common_runtime/gpu/gpu_device.cc:1304] Created TensorFlow device (/job:localhost/replica:0/task:0/device:GPU:0 with 10479 MB memory) -> physical GPU (device: 0, name: GeForce GTX 1080 Ti, pci bus id: 0000:09:00.0, compute capability: 6.1)
2021-05-21 15:35:20.214401: I tensorflow/compiler/xla/service/service.cc:168] XLA service 0x55c307bec430 initialized for platform CUDA (this does not guarantee that XLA will be used). Devices:
2021-05-21 15:35:20.215590: I tensorflow/compiler/xla/service/service.cc:176]   StreamExecutor device (0): GeForce GTX 1080 Ti, Compute Capability 6.1
WARNING:tensorflow:From /srv/beegfs02/scratch/hdr_night/data/hdr_night/DPED/vgg.py:49: The name tf.nn.max_pool is deprecated. Please use tf.nn.max_pool2d instead.

WARNING:tensorflow:From /itet-stor/ollehman/net_scratch/conda_envs/tencu10/lib/python3.7/site-packages/tensorflow_core/python/ops/math_grad.py:1375: where (from tensorflow.python.ops.array_ops) is deprecated and will be removed in a future version.
Instructions for updating:
Use tf.where in 2.0, which has the same broadcast rule as np.where
Initializing variables
Loading validation data...
Validation data was loaded

Loading training data...
Training data was loaded

Training network
2021-05-21 15:50:21.643623: I tensorflow/stream_executor/platform/default/dso_loader.cc:44] Successfully opened dynamic library libcudnn.so.7
2021-05-21 15:50:27.068445: W tensorflow/stream_executor/cuda/redzone_allocator.cc:312] Not found: ./bin/ptxas not found
Relying on driver to perform ptx compilation. This message will be only logged once.
2021-05-21 15:50:27.151177: I tensorflow/stream_executor/platform/default/dso_loader.cc:44] Successfully opened dynamic library libcublas.so.10.0
2021-05-21 15:50:30.022009: W tensorflow/core/common_runtime/bfc_allocator.cc:239] Allocator (GPU_0_bfc) ran out of memory trying to allocate 2.28GiB with freed_by_count=0. The caller indicates that this is not a failure, but may mean that there could be performance gains if more memory were available.
2021-05-21 15:50:30.126564: W tensorflow/core/common_runtime/bfc_allocator.cc:239] Allocator (GPU_0_bfc) ran out of memory trying to allocate 1.34GiB with freed_by_count=0. The caller indicates that this is not a failure, but may mean that there could be performance gains if more memory were available.
2021-05-21 15:50:30.872177: W tensorflow/core/common_runtime/bfc_allocator.cc:239] Allocator (GPU_0_bfc) ran out of memory trying to allocate 2.27GiB with freed_by_count=0. The caller indicates that this is not a failure, but may mean that there could be performance gains if more memory were available.
generator losses | train: 3.644, test: 3338 | content: 12.04, color: 6435, tv: 4.858e-05 | psnr: 11.21, ms-ssim: 0.4582

Traceback (most recent call last):
  File "train_model.py", line 245, in <module>
    enhanced_crops = sess.run(enhanced, feed_dict={phone_image: val_crops, dslr_image: dslr_images})  #, adv_: all_zeros})
  File "/itet-stor/ollehman/net_scratch/conda_envs/tencu10/lib/python3.7/site-packages/tensorflow_core/python/client/session.py", line 956, in run
    run_metadata_ptr)
  File "/itet-stor/ollehman/net_scratch/conda_envs/tencu10/lib/python3.7/site-packages/tensorflow_core/python/client/session.py", line 1156, in _run
    (np_val.shape, subfeed_t.name, str(subfeed_t.get_shape())))
ValueError: Cannot feed value of shape (5, 128, 128, 4) for Tensor 'Placeholder:0', which has shape '(32, 128, 128, 4)'
