WARNING:tensorflow:From /itet-stor/ollehman/net_scratch/conda_envs/tencu10/lib/python3.7/site-packages/tensorflow_core/python/compat/v2_compat.py:68: disable_resource_variables (from tensorflow.python.ops.variable_scope) is deprecated and will be removed in a future version.
Instructions for updating:
non-resource variables are not supported in the long term

The following parameters will be applied for CNN training:

Phone model: mediatek
Batch size: 32
Learning rate: 0.0005
Training iterations: 50000

Content loss: 10
Color loss: 0.5
Texture loss: 1
Total variation loss: 2000

Path to DPED dataset: ../raw_images/
Path to VGG-19 network: vgg_pretrained/imagenet-vgg-verydeep-19.mat
Evaluation step: 1000

2021-05-21 17:14:23.917985: I tensorflow/stream_executor/platform/default/dso_loader.cc:44] Successfully opened dynamic library libcuda.so.1
2021-05-21 17:14:23.998453: I tensorflow/core/common_runtime/gpu/gpu_device.cc:1618] Found device 0 with properties: 
name: TITAN Xp major: 6 minor: 1 memoryClockRate(GHz): 1.582
pciBusID: 0000:83:00.0
2021-05-21 17:14:24.000620: I tensorflow/stream_executor/platform/default/dso_loader.cc:44] Successfully opened dynamic library libcudart.so.10.0
2021-05-21 17:14:24.004281: I tensorflow/stream_executor/platform/default/dso_loader.cc:44] Successfully opened dynamic library libcublas.so.10.0
2021-05-21 17:14:24.007592: I tensorflow/stream_executor/platform/default/dso_loader.cc:44] Successfully opened dynamic library libcufft.so.10.0
2021-05-21 17:14:24.009742: I tensorflow/stream_executor/platform/default/dso_loader.cc:44] Successfully opened dynamic library libcurand.so.10.0
2021-05-21 17:14:24.013760: I tensorflow/stream_executor/platform/default/dso_loader.cc:44] Successfully opened dynamic library libcusolver.so.10.0
2021-05-21 17:14:24.017504: I tensorflow/stream_executor/platform/default/dso_loader.cc:44] Successfully opened dynamic library libcusparse.so.10.0
2021-05-21 17:14:24.024767: I tensorflow/stream_executor/platform/default/dso_loader.cc:44] Successfully opened dynamic library libcudnn.so.7
2021-05-21 17:14:24.031473: I tensorflow/core/common_runtime/gpu/gpu_device.cc:1746] Adding visible gpu devices: 0
2021-05-21 17:14:24.034883: I tensorflow/core/platform/cpu_feature_guard.cc:142] Your CPU supports instructions that this TensorFlow binary was not compiled to use: SSE4.1 SSE4.2 AVX AVX2 FMA
2021-05-21 17:14:24.063428: I tensorflow/core/platform/profile_utils/cpu_utils.cc:94] CPU Frequency: 2399950000 Hz
2021-05-21 17:14:24.066118: I tensorflow/compiler/xla/service/service.cc:168] XLA service 0x55b6a25deb30 initialized for platform Host (this does not guarantee that XLA will be used). Devices:
2021-05-21 17:14:24.066961: I tensorflow/compiler/xla/service/service.cc:176]   StreamExecutor device (0): Host, Default Version
2021-05-21 17:14:24.071027: I tensorflow/core/common_runtime/gpu/gpu_device.cc:1618] Found device 0 with properties: 
name: TITAN Xp major: 6 minor: 1 memoryClockRate(GHz): 1.582
pciBusID: 0000:83:00.0
2021-05-21 17:14:24.071957: I tensorflow/stream_executor/platform/default/dso_loader.cc:44] Successfully opened dynamic library libcudart.so.10.0
2021-05-21 17:14:24.072760: I tensorflow/stream_executor/platform/default/dso_loader.cc:44] Successfully opened dynamic library libcublas.so.10.0
2021-05-21 17:14:24.073536: I tensorflow/stream_executor/platform/default/dso_loader.cc:44] Successfully opened dynamic library libcufft.so.10.0
2021-05-21 17:14:24.074398: I tensorflow/stream_executor/platform/default/dso_loader.cc:44] Successfully opened dynamic library libcurand.so.10.0
2021-05-21 17:14:24.075725: I tensorflow/stream_executor/platform/default/dso_loader.cc:44] Successfully opened dynamic library libcusolver.so.10.0
2021-05-21 17:14:24.076714: I tensorflow/stream_executor/platform/default/dso_loader.cc:44] Successfully opened dynamic library libcusparse.so.10.0
2021-05-21 17:14:24.077590: I tensorflow/stream_executor/platform/default/dso_loader.cc:44] Successfully opened dynamic library libcudnn.so.7
2021-05-21 17:14:24.092548: I tensorflow/core/common_runtime/gpu/gpu_device.cc:1746] Adding visible gpu devices: 0
2021-05-21 17:14:24.093686: I tensorflow/stream_executor/platform/default/dso_loader.cc:44] Successfully opened dynamic library libcudart.so.10.0
2021-05-21 17:14:24.298164: I tensorflow/core/common_runtime/gpu/gpu_device.cc:1159] Device interconnect StreamExecutor with strength 1 edge matrix:
2021-05-21 17:14:24.299091: I tensorflow/core/common_runtime/gpu/gpu_device.cc:1165]      0 
2021-05-21 17:14:24.299855: I tensorflow/core/common_runtime/gpu/gpu_device.cc:1178] 0:   N 
2021-05-21 17:14:24.307368: I tensorflow/core/common_runtime/gpu/gpu_device.cc:1304] Created TensorFlow device (/job:localhost/replica:0/task:0/device:GPU:0 with 11437 MB memory) -> physical GPU (device: 0, name: TITAN Xp, pci bus id: 0000:83:00.0, compute capability: 6.1)
2021-05-21 17:14:24.314475: I tensorflow/compiler/xla/service/service.cc:168] XLA service 0x55b6a34ab4e0 initialized for platform CUDA (this does not guarantee that XLA will be used). Devices:
2021-05-21 17:14:24.315293: I tensorflow/compiler/xla/service/service.cc:176]   StreamExecutor device (0): TITAN Xp, Compute Capability 6.1
WARNING:tensorflow:From /srv/beegfs02/scratch/hdr_night/data/hdr_night/DPED/vgg.py:49: The name tf.nn.max_pool is deprecated. Please use tf.nn.max_pool2d instead.

WARNING:tensorflow:From /itet-stor/ollehman/net_scratch/conda_envs/tencu10/lib/python3.7/site-packages/tensorflow_core/python/ops/math_grad.py:1375: where (from tensorflow.python.ops.array_ops) is deprecated and will be removed in a future version.
Instructions for updating:
Use tf.where in 2.0, which has the same broadcast rule as np.where
Initializing variables
Loading validation data...
Validation data was loaded

Loading training data...
Training data was loaded

Training network
2021-05-21 17:35:38.330994: I tensorflow/stream_executor/platform/default/dso_loader.cc:44] Successfully opened dynamic library libcudnn.so.7
2021-05-21 17:35:39.510832: W tensorflow/stream_executor/cuda/redzone_allocator.cc:312] Not found: ./bin/ptxas not found
Relying on driver to perform ptx compilation. This message will be only logged once.
2021-05-21 17:35:39.677338: I tensorflow/stream_executor/platform/default/dso_loader.cc:44] Successfully opened dynamic library libcublas.so.10.0
2021-05-21 17:35:43.154858: W tensorflow/core/common_runtime/bfc_allocator.cc:239] Allocator (GPU_0_bfc) ran out of memory trying to allocate 2.27GiB with freed_by_count=0. The caller indicates that this is not a failure, but may mean that there could be performance gains if more memory were available.
generator losses | train: 3.948, test: 3336 | content: 12.03, color: 6431, tv: 3.419e-05 | psnr: 11.21, ms-ssim: 0.4546

Traceback (most recent call last):
  File "train_model.py", line 250, in <module>
    before_after = np.hstack((np.reshape(val_crops[idx], [PATCH_HEIGHT, PATCH_WIDTH, 3]), crop))
  File "<__array_function__ internals>", line 6, in reshape
  File "/itet-stor/ollehman/net_scratch/conda_envs/tencu10/lib/python3.7/site-packages/numpy/core/fromnumeric.py", line 299, in reshape
    return _wrapfunc(a, 'reshape', newshape, order=order)
  File "/itet-stor/ollehman/net_scratch/conda_envs/tencu10/lib/python3.7/site-packages/numpy/core/fromnumeric.py", line 58, in _wrapfunc
    return bound(*args, **kwds)
ValueError: cannot reshape array of size 65536 into shape (128,128,3)
