WARNING:tensorflow:From /itet-stor/ollehman/net_scratch/conda_envs/tencu10/lib/python3.7/site-packages/tensorflow_core/python/compat/v2_compat.py:68: disable_resource_variables (from tensorflow.python.ops.variable_scope) is deprecated and will be removed in a future version.
Instructions for updating:
non-resource variables are not supported in the long term
2021-05-25 09:18:58.399855: I tensorflow/stream_executor/platform/default/dso_loader.cc:44] Successfully opened dynamic library libcuda.so.1
2021-05-25 09:18:58.478097: I tensorflow/core/common_runtime/gpu/gpu_device.cc:1618] Found device 0 with properties: 
name: TITAN X (Pascal) major: 6 minor: 1 memoryClockRate(GHz): 1.531
pciBusID: 0000:84:00.0
2021-05-25 09:18:58.493307: I tensorflow/stream_executor/platform/default/dso_loader.cc:44] Successfully opened dynamic library libcudart.so.10.0
2021-05-25 09:18:58.509695: I tensorflow/stream_executor/platform/default/dso_loader.cc:44] Successfully opened dynamic library libcublas.so.10.0
2021-05-25 09:18:58.522941: I tensorflow/stream_executor/platform/default/dso_loader.cc:44] Successfully opened dynamic library libcufft.so.10.0
2021-05-25 09:18:58.526374: I tensorflow/stream_executor/platform/default/dso_loader.cc:44] Successfully opened dynamic library libcurand.so.10.0
2021-05-25 09:18:58.556950: I tensorflow/stream_executor/platform/default/dso_loader.cc:44] Successfully opened dynamic library libcusolver.so.10.0
2021-05-25 09:18:58.561943: I tensorflow/stream_executor/platform/default/dso_loader.cc:44] Successfully opened dynamic library libcusparse.so.10.0
2021-05-25 09:18:58.577621: I tensorflow/stream_executor/platform/default/dso_loader.cc:44] Successfully opened dynamic library libcudnn.so.7
2021-05-25 09:18:58.622827: I tensorflow/core/common_runtime/gpu/gpu_device.cc:1746] Adding visible gpu devices: 0
2021-05-25 09:18:58.630009: I tensorflow/core/platform/cpu_feature_guard.cc:142] Your CPU supports instructions that this TensorFlow binary was not compiled to use: SSE4.1 SSE4.2 AVX AVX2 FMA
2021-05-25 09:18:58.665125: I tensorflow/core/platform/profile_utils/cpu_utils.cc:94] CPU Frequency: 2500180000 Hz
2021-05-25 09:18:58.668456: I tensorflow/compiler/xla/service/service.cc:168] XLA service 0x5644ff44fa10 initialized for platform Host (this does not guarantee that XLA will be used). Devices:
2021-05-25 09:18:58.676863: I tensorflow/compiler/xla/service/service.cc:176]   StreamExecutor device (0): Host, Default Version
2021-05-25 09:18:58.688101: I tensorflow/core/common_runtime/gpu/gpu_device.cc:1618] Found device 0 with properties: 
name: TITAN X (Pascal) major: 6 minor: 1 memoryClockRate(GHz): 1.531
pciBusID: 0000:84:00.0
2021-05-25 09:18:58.698578: I tensorflow/stream_executor/platform/default/dso_loader.cc:44] Successfully opened dynamic library libcudart.so.10.0
2021-05-25 09:18:58.708898: I tensorflow/stream_executor/platform/default/dso_loader.cc:44] Successfully opened dynamic library libcublas.so.10.0
2021-05-25 09:18:58.729951: I tensorflow/stream_executor/platform/default/dso_loader.cc:44] Successfully opened dynamic library libcufft.so.10.0
2021-05-25 09:18:58.732769: I tensorflow/stream_executor/platform/default/dso_loader.cc:44] Successfully opened dynamic library libcurand.so.10.0
2021-05-25 09:18:58.736140: I tensorflow/stream_executor/platform/default/dso_loader.cc:44] Successfully opened dynamic library libcusolver.so.10.0
2021-05-25 09:18:58.747026: I tensorflow/stream_executor/platform/default/dso_loader.cc:44] Successfully opened dynamic library libcusparse.so.10.0
2021-05-25 09:18:58.752878: I tensorflow/stream_executor/platform/default/dso_loader.cc:44] Successfully opened dynamic library libcudnn.so.7
2021-05-25 09:18:58.768191: I tensorflow/core/common_runtime/gpu/gpu_device.cc:1746] Adding visible gpu devices: 0
2021-05-25 09:18:58.771087: I tensorflow/stream_executor/platform/default/dso_loader.cc:44] Successfully opened dynamic library libcudart.so.10.0
2021-05-25 09:18:58.951546: I tensorflow/core/common_runtime/gpu/gpu_device.cc:1159] Device interconnect StreamExecutor with strength 1 edge matrix:
2021-05-25 09:18:58.957321: I tensorflow/core/common_runtime/gpu/gpu_device.cc:1165]      0 
2021-05-25 09:18:58.959749: I tensorflow/core/common_runtime/gpu/gpu_device.cc:1178] 0:   N 
2021-05-25 09:18:58.976361: I tensorflow/core/common_runtime/gpu/gpu_device.cc:1304] Created TensorFlow device (/job:localhost/replica:0/task:0/device:GPU:0 with 11446 MB memory) -> physical GPU (device: 0, name: TITAN X (Pascal), pci bus id: 0000:84:00.0, compute capability: 6.1)
2021-05-25 09:18:58.986023: I tensorflow/compiler/xla/service/service.cc:168] XLA service 0x5645003920a0 initialized for platform CUDA (this does not guarantee that XLA will be used). Devices:
2021-05-25 09:18:58.987049: I tensorflow/compiler/xla/service/service.cc:176]   StreamExecutor device (0): TITAN X (Pascal), Compute Capability 6.1
iteration 49000, processing image 3331.png
2021-05-25 09:19:04.872922: I tensorflow/stream_executor/platform/default/dso_loader.cc:44] Successfully opened dynamic library libcudnn.so.7
2021-05-25 09:19:06.025151: W tensorflow/stream_executor/cuda/redzone_allocator.cc:312] Not found: ./bin/ptxas not found
Relying on driver to perform ptx compilation. This message will be only logged once.
2021-05-25 09:19:06.356757: I tensorflow/stream_executor/platform/default/dso_loader.cc:44] Successfully opened dynamic library libcublas.so.10.0
Lossy conversion from float32 to uint8. Range [-0.019981563091278076, 1.0460546016693115]. Convert image to uint8 prior to saving to suppress this warning.
iteration 49000, processing image 373.png
Lossy conversion from float32 to uint8. Range [-0.05946999788284302, 0.9986851811408997]. Convert image to uint8 prior to saving to suppress this warning.
iteration 49000, processing image 2581.png
Lossy conversion from float32 to uint8. Range [-0.03150331974029541, 1.0288026332855225]. Convert image to uint8 prior to saving to suppress this warning.
iteration 49000, processing image 4017.png
Lossy conversion from float32 to uint8. Range [-0.044175148010253906, 1.0429606437683105]. Convert image to uint8 prior to saving to suppress this warning.
iteration 49000, processing image 4982.png
Lossy conversion from float32 to uint8. Range [-0.06666791439056396, 1.0774662494659424]. Convert image to uint8 prior to saving to suppress this warning.
iteration 49000, processing image 3848.png
Lossy conversion from float32 to uint8. Range [-0.04850602149963379, 1.0383753776550293]. Convert image to uint8 prior to saving to suppress this warning.
iteration 49000, processing image 3558.png
Lossy conversion from float32 to uint8. Range [-0.037052273750305176, 1.0794793367385864]. Convert image to uint8 prior to saving to suppress this warning.
iteration 49000, processing image 3664.png
Lossy conversion from float32 to uint8. Range [-0.02358388900756836, 1.0511950254440308]. Convert image to uint8 prior to saving to suppress this warning.
iteration 49000, processing image 1813.png
Lossy conversion from float32 to uint8. Range [-0.060114502906799316, 1.0175117254257202]. Convert image to uint8 prior to saving to suppress this warning.
iteration 49000, processing image 4081.png
Lossy conversion from float32 to uint8. Range [-0.03400510549545288, 1.0094201564788818]. Convert image to uint8 prior to saving to suppress this warning.
iteration 49000, processing image 4341.png
Lossy conversion from float32 to uint8. Range [-0.023201942443847656, 1.0517029762268066]. Convert image to uint8 prior to saving to suppress this warning.
iteration 49000, processing image 2808.png
Lossy conversion from float32 to uint8. Range [-0.035995662212371826, 0.9903048276901245]. Convert image to uint8 prior to saving to suppress this warning.
iteration 49000, processing image 5273.png
Lossy conversion from float32 to uint8. Range [-0.04466444253921509, 1.0409197807312012]. Convert image to uint8 prior to saving to suppress this warning.
iteration 49000, processing image 5790.png
Lossy conversion from float32 to uint8. Range [-0.03171980381011963, 1.0466433763504028]. Convert image to uint8 prior to saving to suppress this warning.
iteration 49000, processing image 5393.png
Lossy conversion from float32 to uint8. Range [-0.030166208744049072, 1.0477075576782227]. Convert image to uint8 prior to saving to suppress this warning.
iteration 49000, processing image 649.png
Lossy conversion from float32 to uint8. Range [-0.07150328159332275, 1.0604662895202637]. Convert image to uint8 prior to saving to suppress this warning.
