WARNING:tensorflow:From /itet-stor/ollehman/net_scratch/conda_envs/tencu10/lib/python3.7/site-packages/tensorflow_core/python/compat/v2_compat.py:68: disable_resource_variables (from tensorflow.python.ops.variable_scope) is deprecated and will be removed in a future version.
Instructions for updating:
non-resource variables are not supported in the long term

The following parameters will be applied for CNN training:

Phone model: mediatek
Batch size: 32
Learning rate: 0.0005
Training iterations: 20000

Content loss: 1
Color loss: 0.1
Texture loss: 0.4
Total variation loss: 400

Path to DPED dataset: ../raw_images/
Path to VGG-19 network: vgg_pretrained/imagenet-vgg-verydeep-19.mat
Evaluation step: 1000
Run Id: train_size_10000_lastlayer_rmsprop

2021-06-03 12:59:03.698276: I tensorflow/stream_executor/platform/default/dso_loader.cc:44] Successfully opened dynamic library libcuda.so.1
2021-06-03 12:59:03.776868: I tensorflow/core/common_runtime/gpu/gpu_device.cc:1618] Found device 0 with properties: 
name: GeForce GTX 1080 Ti major: 6 minor: 1 memoryClockRate(GHz): 1.582
pciBusID: 0000:08:00.0
2021-06-03 12:59:03.786505: I tensorflow/stream_executor/platform/default/dso_loader.cc:44] Successfully opened dynamic library libcudart.so.10.0
2021-06-03 12:59:03.986313: I tensorflow/stream_executor/platform/default/dso_loader.cc:44] Successfully opened dynamic library libcublas.so.10.0
2021-06-03 12:59:04.273365: I tensorflow/stream_executor/platform/default/dso_loader.cc:44] Successfully opened dynamic library libcufft.so.10.0
2021-06-03 12:59:04.919052: I tensorflow/stream_executor/platform/default/dso_loader.cc:44] Successfully opened dynamic library libcurand.so.10.0
2021-06-03 12:59:05.274884: I tensorflow/stream_executor/platform/default/dso_loader.cc:44] Successfully opened dynamic library libcusolver.so.10.0
2021-06-03 12:59:05.527326: I tensorflow/stream_executor/platform/default/dso_loader.cc:44] Successfully opened dynamic library libcusparse.so.10.0
2021-06-03 12:59:06.128526: I tensorflow/stream_executor/platform/default/dso_loader.cc:44] Successfully opened dynamic library libcudnn.so.7
2021-06-03 12:59:06.145403: I tensorflow/core/common_runtime/gpu/gpu_device.cc:1746] Adding visible gpu devices: 0
2021-06-03 12:59:06.146602: I tensorflow/core/platform/cpu_feature_guard.cc:142] Your CPU supports instructions that this TensorFlow binary was not compiled to use: SSE4.1 SSE4.2 AVX AVX2 FMA
2021-06-03 12:59:06.178629: I tensorflow/core/platform/profile_utils/cpu_utils.cc:94] CPU Frequency: 2099875000 Hz
2021-06-03 12:59:06.179807: I tensorflow/compiler/xla/service/service.cc:168] XLA service 0x55ddbb4f8c60 initialized for platform Host (this does not guarantee that XLA will be used). Devices:
2021-06-03 12:59:06.180591: I tensorflow/compiler/xla/service/service.cc:176]   StreamExecutor device (0): Host, Default Version
2021-06-03 12:59:06.185354: I tensorflow/core/common_runtime/gpu/gpu_device.cc:1618] Found device 0 with properties: 
name: GeForce GTX 1080 Ti major: 6 minor: 1 memoryClockRate(GHz): 1.582
pciBusID: 0000:08:00.0
2021-06-03 12:59:06.186128: I tensorflow/stream_executor/platform/default/dso_loader.cc:44] Successfully opened dynamic library libcudart.so.10.0
2021-06-03 12:59:06.186871: I tensorflow/stream_executor/platform/default/dso_loader.cc:44] Successfully opened dynamic library libcublas.so.10.0
2021-06-03 12:59:06.187626: I tensorflow/stream_executor/platform/default/dso_loader.cc:44] Successfully opened dynamic library libcufft.so.10.0
2021-06-03 12:59:06.188656: I tensorflow/stream_executor/platform/default/dso_loader.cc:44] Successfully opened dynamic library libcurand.so.10.0
2021-06-03 12:59:06.190040: I tensorflow/stream_executor/platform/default/dso_loader.cc:44] Successfully opened dynamic library libcusolver.so.10.0
2021-06-03 12:59:06.190865: I tensorflow/stream_executor/platform/default/dso_loader.cc:44] Successfully opened dynamic library libcusparse.so.10.0
2021-06-03 12:59:06.191781: I tensorflow/stream_executor/platform/default/dso_loader.cc:44] Successfully opened dynamic library libcudnn.so.7
2021-06-03 12:59:06.207833: I tensorflow/core/common_runtime/gpu/gpu_device.cc:1746] Adding visible gpu devices: 0
2021-06-03 12:59:06.208688: I tensorflow/stream_executor/platform/default/dso_loader.cc:44] Successfully opened dynamic library libcudart.so.10.0
2021-06-03 12:59:06.413144: I tensorflow/core/common_runtime/gpu/gpu_device.cc:1159] Device interconnect StreamExecutor with strength 1 edge matrix:
2021-06-03 12:59:06.414029: I tensorflow/core/common_runtime/gpu/gpu_device.cc:1165]      0 
2021-06-03 12:59:06.414746: I tensorflow/core/common_runtime/gpu/gpu_device.cc:1178] 0:   N 
2021-06-03 12:59:06.428923: I tensorflow/core/common_runtime/gpu/gpu_device.cc:1304] Created TensorFlow device (/job:localhost/replica:0/task:0/device:GPU:0 with 10479 MB memory) -> physical GPU (device: 0, name: GeForce GTX 1080 Ti, pci bus id: 0000:08:00.0, compute capability: 6.1)
2021-06-03 12:59:06.433621: I tensorflow/compiler/xla/service/service.cc:168] XLA service 0x55ddbc258c80 initialized for platform CUDA (this does not guarantee that XLA will be used). Devices:
2021-06-03 12:59:06.434392: I tensorflow/compiler/xla/service/service.cc:176]   StreamExecutor device (0): GeForce GTX 1080 Ti, Compute Capability 6.1
WARNING:tensorflow:From /srv/beegfs02/scratch/hdr_night/data/hdr_night/DPED/vgg.py:49: The name tf.nn.max_pool is deprecated. Please use tf.nn.max_pool2d instead.

WARNING:tensorflow:From train_model.py:88: The name tf.summary.scalar is deprecated. Please use tf.compat.v1.summary.scalar instead.

WARNING:tensorflow:From /itet-stor/ollehman/net_scratch/conda_envs/tencu10/lib/python3.7/site-packages/tensorflow_core/python/ops/math_grad.py:1375: where (from tensorflow.python.ops.array_ops) is deprecated and will be removed in a future version.
Instructions for updating:
Use tf.where in 2.0, which has the same broadcast rule as np.where
WARNING:tensorflow:From /itet-stor/ollehman/net_scratch/conda_envs/tencu10/lib/python3.7/site-packages/tensorflow_core/python/training/rmsprop.py:119: calling Ones.__init__ (from tensorflow.python.ops.init_ops) with dtype is deprecated and will be removed in a future version.
Instructions for updating:
Call initializer instance with the dtype argument instead of passing it to the constructor
Initializing variables
Loading validation data...
Validation data was loaded

Loading training data...
Training data was loaded

Training network
2021-06-03 13:24:09.985403: I tensorflow/stream_executor/platform/default/dso_loader.cc:44] Successfully opened dynamic library libcudnn.so.7
2021-06-03 13:24:14.164633: W tensorflow/stream_executor/cuda/redzone_allocator.cc:312] Not found: ./bin/ptxas not found
Relying on driver to perform ptx compilation. This message will be only logged once.
2021-06-03 13:24:14.238357: I tensorflow/stream_executor/platform/default/dso_loader.cc:44] Successfully opened dynamic library libcublas.so.10.0
2021-06-03 13:24:17.541923: W tensorflow/core/common_runtime/bfc_allocator.cc:239] Allocator (GPU_0_bfc) ran out of memory trying to allocate 2.27GiB with freed_by_count=0. The caller indicates that this is not a failure, but may mean that there could be performance gains if more memory were available.
step 0 generator losses | train: 0.5994, val: 661.2 | content: 12.04, color: 6492, tv: 9.45e-09 | psnr: 11.17, ms-ssim: 0.4403

step 1000 generator losses | train: 144.2, val: 93.78 | content: 12.09, color: 815.4, tv: 0.0003688 | psnr: 18.79, ms-ssim: 0.8185

step 2000 generator losses | train: 93.47, val: 75.37 | content: 11.55, color: 636.3, tv: 0.0004672 | psnr: 19.75, ms-ssim: 0.8461

step 3000 generator losses | train: 77.47, val: 71.13 | content: 11.28, color: 596.4, tv: 0.0005371 | psnr: 20.05, ms-ssim: 0.8588

step 4000 generator losses | train: 69.66, val: 59.58 | content: 10.45, color: 489.5, tv: 0.0004562 | psnr: 20.71, ms-ssim: 0.8728

step 5000 generator losses | train: 66.85, val: 59.53 | content: 10.11, color: 491.9, tv: 0.0005826 | psnr: 20.85, ms-ssim: 0.8835

step 6000 generator losses | train: 63.88, val: 59.86 | content: 9.666, color: 500, tv: 0.0005038 | psnr: 20.72, ms-ssim: 0.883

step 7000 generator losses | train: 61.94, val: 67.6 | content: 9.533, color: 578.1, tv: 0.0006396 | psnr: 20.61, ms-ssim: 0.8919

step 8000 generator losses | train: 60.71, val: 69.89 | content: 9.225, color: 604.1, tv: 0.0006375 | psnr: 20.54, ms-ssim: 0.8946

step 9000 generator losses | train: 59.12, val: 56.11 | content: 9.225, color: 465.8, tv: 0.0007633 | psnr: 21.19, ms-ssim: 0.9021

step 10000 generator losses | train: 57.12, val: 65.12 | content: 8.682, color: 561.2, tv: 0.0008067 | psnr: 20.88, ms-ssim: 0.9044

step 11000 generator losses | train: 56.24, val: 58.45 | content: 8.348, color: 498.1, tv: 0.0007315 | psnr: 21.07, ms-ssim: 0.9025

step 12000 generator losses | train: 55.61, val: 61.33 | content: 8.35, color: 526.1, tv: 0.0009105 | psnr: 21.14, ms-ssim: 0.9077

step 13000 generator losses | train: 54.89, val: 52.3 | content: 8.093, color: 438.5, tv: 0.0008927 | psnr: 21.54, ms-ssim: 0.9122

step 14000 generator losses | train: 54.8, val: 53.63 | content: 7.858, color: 453.9, tv: 0.000947 | psnr: 21.59, ms-ssim: 0.916

step 15000 generator losses | train: 53.65, val: 57.04 | content: 7.688, color: 489.6, tv: 0.0009776 | psnr: 21.43, ms-ssim: 0.9161

step 16000 generator losses | train: 52.05, val: 61.08 | content: 7.753, color: 529.3, tv: 0.0009949 | psnr: 21.22, ms-ssim: 0.9151

step 17000 generator losses | train: 52.84, val: 50.91 | content: 7.514, color: 429.7, tv: 0.001063 | psnr: 21.76, ms-ssim: 0.9196

step 18000 generator losses | train: 52.13, val: 49.56 | content: 7.359, color: 418, tv: 0.0009795 | psnr: 21.87, ms-ssim: 0.9195

step 19000 generator losses | train: 51.39, val: 49.22 | content: 7.266, color: 415.7, tv: 0.000963 | psnr: 21.8, ms-ssim: 0.9189

step 20000 generator losses | train: 51.45, val: 55.21 | content: 7.248, color: 475.3, tv: 0.001089 | psnr: 21.52, ms-ssim: 0.9193

total train/eval time: 12:33:58.725174
